/!\ FAILSAFE /!\  Sun Feb 20 15:39:06 -0600 2011
  Status: 500 Internal Server Error
  no such file to load -- sqlite3
    /Users/geraldleenerts/.rvm/rubies/ruby-1.8.7-p330/lib/ruby/site_ruby/1.8/rubygems/custom_require.rb:29:in `gem_original_require'
    /Users/geraldleenerts/.rvm/rubies/ruby-1.8.7-p330/lib/ruby/site_ruby/1.8/rubygems/custom_require.rb:29:in `require'
    /Users/geraldleenerts/.rvm/gems/ruby-1.8.7-p330@vivid/gems/activesupport-2.3.2/lib/active_support/dependencies.rb:156:in `require'
    /Users/geraldleenerts/.rvm/gems/ruby-1.8.7-p330@vivid/gems/activesupport-2.3.2/lib/active_support/dependencies.rb:521:in `new_constants_in'
    /Users/geraldleenerts/.rvm/gems/ruby-1.8.7-p330@vivid/gems/activesupport-2.3.2/lib/active_support/dependencies.rb:156:in `require'
    /Users/geraldleenerts/.rvm/gems/ruby-1.8.7-p330@vivid/gems/activesupport-2.3.2/lib/active_support/core_ext/kernel/requires.rb:7:in `require_library_or_gem'
    /Users/geraldleenerts/.rvm/gems/ruby-1.8.7-p330@vivid/gems/activesupport-2.3.2/lib/active_support/core_ext/kernel/reporting.rb:11:in `silence_warnings'
    /Users/geraldleenerts/.rvm/gems/ruby-1.8.7-p330@vivid/gems/activesupport-2.3.2/lib/active_support/core_ext/kernel/requires.rb:5:in `require_library_or_gem'
    /Users/geraldleenerts/.rvm/gems/ruby-1.8.7-p330@vivid/gems/activerecord-2.3.2/lib/active_record/connection_adapters/sqlite3_adapter.rb:10:in `sqlite3_connection'
    /Users/geraldleenerts/.rvm/gems/ruby-1.8.7-p330@vivid/gems/activerecord-2.3.2/lib/active_record/connection_adapters/abstract/connection_pool.rb:223:in `send'
    /Users/geraldleenerts/.rvm/gems/ruby-1.8.7-p330@vivid/gems/activerecord-2.3.2/lib/active_record/connection_adapters/abstract/connection_pool.rb:223:in `new_connection'
    /Users/geraldleenerts/.rvm/gems/ruby-1.8.7-p330@vivid/gems/activerecord-2.3.2/lib/active_record/connection_adapters/abstract/connection_pool.rb:245:in `checkout_new_connection'
    /Users/geraldleenerts/.rvm/gems/ruby-1.8.7-p330@vivid/gems/activerecord-2.3.2/lib/active_record/connection_adapters/abstract/connection_pool.rb:188:in `checkout'
    /Users/geraldleenerts/.rvm/gems/ruby-1.8.7-p330@vivid/gems/activerecord-2.3.2/lib/active_record/connection_adapters/abstract/connection_pool.rb:184:in `loop'
    /Users/geraldleenerts/.rvm/gems/ruby-1.8.7-p330@vivid/gems/activerecord-2.3.2/lib/active_record/connection_adapters/abstract/connection_pool.rb:184:in `checkout'
    /Users/geraldleenerts/.rvm/rubies/ruby-1.8.7-p330/lib/ruby/1.8/monitor.rb:242:in `synchronize'
    /Users/geraldleenerts/.rvm/gems/ruby-1.8.7-p330@vivid/gems/activerecord-2.3.2/lib/active_record/connection_adapters/abstract/connection_pool.rb:183:in `checkout'
    /Users/geraldleenerts/.rvm/gems/ruby-1.8.7-p330@vivid/gems/activerecord-2.3.2/lib/active_record/connection_adapters/abstract/connection_pool.rb:98:in `connection'
    /Users/geraldleenerts/.rvm/gems/ruby-1.8.7-p330@vivid/gems/activerecord-2.3.2/lib/active_record/connection_adapters/abstract/connection_pool.rb:326:in `retrieve_connection'
    /Users/geraldleenerts/.rvm/gems/ruby-1.8.7-p330@vivid/gems/activerecord-2.3.2/lib/active_record/connection_adapters/abstract/connection_specification.rb:123:in `retrieve_connection'
    /Users/geraldleenerts/.rvm/gems/ruby-1.8.7-p330@vivid/gems/activerecord-2.3.2/lib/active_record/connection_adapters/abstract/connection_specification.rb:115:in `connection'
    /Users/geraldleenerts/.rvm/gems/ruby-1.8.7-p330@vivid/gems/activerecord-2.3.2/lib/active_record/query_cache.rb:9:in `cache'
    /Users/geraldleenerts/.rvm/gems/ruby-1.8.7-p330@vivid/gems/activerecord-2.3.2/lib/active_record/query_cache.rb:28:in `call'
    /Users/geraldleenerts/.rvm/gems/ruby-1.8.7-p330@vivid/gems/activerecord-2.3.2/lib/active_record/connection_adapters/abstract/connection_pool.rb:361:in `call'
    /Users/geraldleenerts/.rvm/gems/ruby-1.8.7-p330@vivid/gems/actionpack-2.3.2/lib/action_controller/vendor/rack-1.0/rack/head.rb:9:in `call'
    /Users/geraldleenerts/.rvm/gems/ruby-1.8.7-p330@vivid/gems/actionpack-2.3.2/lib/action_controller/vendor/rack-1.0/rack/methodoverride.rb:24:in `call'
    /Users/geraldleenerts/.rvm/gems/ruby-1.8.7-p330@vivid/gems/actionpack-2.3.2/lib/action_controller/params_parser.rb:15:in `call'
    /Users/geraldleenerts/.rvm/gems/ruby-1.8.7-p330@vivid/gems/actionpack-2.3.2/lib/action_controller/rewindable_input.rb:25:in `call'
    /Users/geraldleenerts/.rvm/gems/ruby-1.8.7-p330@vivid/gems/actionpack-2.3.2/lib/action_controller/session/cookie_store.rb:93:in `call'
    /Users/geraldleenerts/.rvm/gems/ruby-1.8.7-p330@vivid/gems/actionpack-2.3.2/lib/action_controller/reloader.rb:9:in `call'
    /Users/geraldleenerts/.rvm/gems/ruby-1.8.7-p330@vivid/gems/actionpack-2.3.2/lib/action_controller/failsafe.rb:11:in `call'
    /Users/geraldleenerts/.rvm/gems/ruby-1.8.7-p330@vivid/gems/actionpack-2.3.2/lib/action_controller/vendor/rack-1.0/rack/lock.rb:11:in `call'
    /Users/geraldleenerts/.rvm/gems/ruby-1.8.7-p330@vivid/gems/actionpack-2.3.2/lib/action_controller/vendor/rack-1.0/rack/lock.rb:11:in `synchronize'
    /Users/geraldleenerts/.rvm/gems/ruby-1.8.7-p330@vivid/gems/actionpack-2.3.2/lib/action_controller/vendor/rack-1.0/rack/lock.rb:11:in `call'
    /Users/geraldleenerts/.rvm/gems/ruby-1.8.7-p330@vivid/gems/actionpack-2.3.2/lib/action_controller/dispatcher.rb:106:in `call'
    /Users/geraldleenerts/.rvm/gems/ruby-1.8.7-p330@vivid/gems/rails-2.3.2/lib/rails/rack/static.rb:31:in `call'
    /Users/geraldleenerts/.rvm/gems/ruby-1.8.7-p330@vivid/gems/actionpack-2.3.2/lib/action_controller/vendor/rack-1.0/rack/urlmap.rb:46:in `call'
    /Users/geraldleenerts/.rvm/gems/ruby-1.8.7-p330@vivid/gems/actionpack-2.3.2/lib/action_controller/vendor/rack-1.0/rack/urlmap.rb:40:in `each'
    /Users/geraldleenerts/.rvm/gems/ruby-1.8.7-p330@vivid/gems/actionpack-2.3.2/lib/action_controller/vendor/rack-1.0/rack/urlmap.rb:40:in `call'
    /Users/geraldleenerts/.rvm/gems/ruby-1.8.7-p330@vivid/gems/rails-2.3.2/lib/rails/rack/log_tailer.rb:17:in `call'
    /Users/geraldleenerts/.rvm/gems/ruby-1.8.7-p330@vivid/gems/actionpack-2.3.2/lib/action_controller/vendor/rack-1.0/rack/content_length.rb:13:in `call'
    /Users/geraldleenerts/.rvm/gems/ruby-1.8.7-p330@vivid/gems/actionpack-2.3.2/lib/action_controller/vendor/rack-1.0/rack/handler/webrick.rb:46:in `service'
    /Users/geraldleenerts/.rvm/rubies/ruby-1.8.7-p330/lib/ruby/1.8/webrick/httpserver.rb:104:in `service'
    /Users/geraldleenerts/.rvm/rubies/ruby-1.8.7-p330/lib/ruby/1.8/webrick/httpserver.rb:65:in `run'
    /Users/geraldleenerts/.rvm/rubies/ruby-1.8.7-p330/lib/ruby/1.8/webrick/server.rb:173:in `start_thread'
    /Users/geraldleenerts/.rvm/rubies/ruby-1.8.7-p330/lib/ruby/1.8/webrick/server.rb:162:in `start'
    /Users/geraldleenerts/.rvm/rubies/ruby-1.8.7-p330/lib/ruby/1.8/webrick/server.rb:162:in `start_thread'
    /Users/geraldleenerts/.rvm/rubies/ruby-1.8.7-p330/lib/ruby/1.8/webrick/server.rb:95:in `start'
    /Users/geraldleenerts/.rvm/rubies/ruby-1.8.7-p330/lib/ruby/1.8/webrick/server.rb:92:in `each'
    /Users/geraldleenerts/.rvm/rubies/ruby-1.8.7-p330/lib/ruby/1.8/webrick/server.rb:92:in `start'
    /Users/geraldleenerts/.rvm/rubies/ruby-1.8.7-p330/lib/ruby/1.8/webrick/server.rb:23:in `start'
    /Users/geraldleenerts/.rvm/rubies/ruby-1.8.7-p330/lib/ruby/1.8/webrick/server.rb:82:in `start'
    /Users/geraldleenerts/.rvm/gems/ruby-1.8.7-p330@vivid/gems/actionpack-2.3.2/lib/action_controller/vendor/rack-1.0/rack/handler/webrick.rb:13:in `run'
    /Users/geraldleenerts/.rvm/gems/ruby-1.8.7-p330@vivid/gems/rails-2.3.2/lib/commands/server.rb:111
    /Users/geraldleenerts/.rvm/rubies/ruby-1.8.7-p330/lib/ruby/site_ruby/1.8/rubygems/custom_require.rb:29:in `gem_original_require'
    /Users/geraldleenerts/.rvm/rubies/ruby-1.8.7-p330/lib/ruby/site_ruby/1.8/rubygems/custom_require.rb:29:in `require'
    script/server:3
/!\ FAILSAFE /!\  Sun Feb 20 15:39:30 -0600 2011
  Status: 500 Internal Server Error
  no such file to load -- sqlite3
    /Users/geraldleenerts/.rvm/rubies/ruby-1.8.7-p330/lib/ruby/site_ruby/1.8/rubygems/custom_require.rb:29:in `gem_original_require'
    /Users/geraldleenerts/.rvm/rubies/ruby-1.8.7-p330/lib/ruby/site_ruby/1.8/rubygems/custom_require.rb:29:in `require'
    /Users/geraldleenerts/.rvm/gems/ruby-1.8.7-p330@vivid/gems/activesupport-2.3.2/lib/active_support/dependencies.rb:156:in `require'
    /Users/geraldleenerts/.rvm/gems/ruby-1.8.7-p330@vivid/gems/activesupport-2.3.2/lib/active_support/dependencies.rb:521:in `new_constants_in'
    /Users/geraldleenerts/.rvm/gems/ruby-1.8.7-p330@vivid/gems/activesupport-2.3.2/lib/active_support/dependencies.rb:156:in `require'
    /Users/geraldleenerts/.rvm/gems/ruby-1.8.7-p330@vivid/gems/activesupport-2.3.2/lib/active_support/core_ext/kernel/requires.rb:7:in `require_library_or_gem'
    /Users/geraldleenerts/.rvm/gems/ruby-1.8.7-p330@vivid/gems/activesupport-2.3.2/lib/active_support/core_ext/kernel/reporting.rb:11:in `silence_warnings'
    /Users/geraldleenerts/.rvm/gems/ruby-1.8.7-p330@vivid/gems/activesupport-2.3.2/lib/active_support/core_ext/kernel/requires.rb:5:in `require_library_or_gem'
    /Users/geraldleenerts/.rvm/gems/ruby-1.8.7-p330@vivid/gems/activerecord-2.3.2/lib/active_record/connection_adapters/sqlite3_adapter.rb:10:in `sqlite3_connection'
    /Users/geraldleenerts/.rvm/gems/ruby-1.8.7-p330@vivid/gems/activerecord-2.3.2/lib/active_record/connection_adapters/abstract/connection_pool.rb:223:in `send'
    /Users/geraldleenerts/.rvm/gems/ruby-1.8.7-p330@vivid/gems/activerecord-2.3.2/lib/active_record/connection_adapters/abstract/connection_pool.rb:223:in `new_connection'
    /Users/geraldleenerts/.rvm/gems/ruby-1.8.7-p330@vivid/gems/activerecord-2.3.2/lib/active_record/connection_adapters/abstract/connection_pool.rb:245:in `checkout_new_connection'
    /Users/geraldleenerts/.rvm/gems/ruby-1.8.7-p330@vivid/gems/activerecord-2.3.2/lib/active_record/connection_adapters/abstract/connection_pool.rb:188:in `checkout'
    /Users/geraldleenerts/.rvm/gems/ruby-1.8.7-p330@vivid/gems/activerecord-2.3.2/lib/active_record/connection_adapters/abstract/connection_pool.rb:184:in `loop'
    /Users/geraldleenerts/.rvm/gems/ruby-1.8.7-p330@vivid/gems/activerecord-2.3.2/lib/active_record/connection_adapters/abstract/connection_pool.rb:184:in `checkout'
    /Users/geraldleenerts/.rvm/rubies/ruby-1.8.7-p330/lib/ruby/1.8/monitor.rb:242:in `synchronize'
    /Users/geraldleenerts/.rvm/gems/ruby-1.8.7-p330@vivid/gems/activerecord-2.3.2/lib/active_record/connection_adapters/abstract/connection_pool.rb:183:in `checkout'
    /Users/geraldleenerts/.rvm/gems/ruby-1.8.7-p330@vivid/gems/activerecord-2.3.2/lib/active_record/connection_adapters/abstract/connection_pool.rb:98:in `connection'
    /Users/geraldleenerts/.rvm/gems/ruby-1.8.7-p330@vivid/gems/activerecord-2.3.2/lib/active_record/connection_adapters/abstract/connection_pool.rb:326:in `retrieve_connection'
    /Users/geraldleenerts/.rvm/gems/ruby-1.8.7-p330@vivid/gems/activerecord-2.3.2/lib/active_record/connection_adapters/abstract/connection_specification.rb:123:in `retrieve_connection'
    /Users/geraldleenerts/.rvm/gems/ruby-1.8.7-p330@vivid/gems/activerecord-2.3.2/lib/active_record/connection_adapters/abstract/connection_specification.rb:115:in `connection'
    /Users/geraldleenerts/.rvm/gems/ruby-1.8.7-p330@vivid/gems/activerecord-2.3.2/lib/active_record/query_cache.rb:9:in `cache'
    /Users/geraldleenerts/.rvm/gems/ruby-1.8.7-p330@vivid/gems/activerecord-2.3.2/lib/active_record/query_cache.rb:28:in `call'
    /Users/geraldleenerts/.rvm/gems/ruby-1.8.7-p330@vivid/gems/activerecord-2.3.2/lib/active_record/connection_adapters/abstract/connection_pool.rb:361:in `call'
    /Users/geraldleenerts/.rvm/gems/ruby-1.8.7-p330@vivid/gems/actionpack-2.3.2/lib/action_controller/vendor/rack-1.0/rack/head.rb:9:in `call'
    /Users/geraldleenerts/.rvm/gems/ruby-1.8.7-p330@vivid/gems/actionpack-2.3.2/lib/action_controller/vendor/rack-1.0/rack/methodoverride.rb:24:in `call'
    /Users/geraldleenerts/.rvm/gems/ruby-1.8.7-p330@vivid/gems/actionpack-2.3.2/lib/action_controller/params_parser.rb:15:in `call'
    /Users/geraldleenerts/.rvm/gems/ruby-1.8.7-p330@vivid/gems/actionpack-2.3.2/lib/action_controller/rewindable_input.rb:25:in `call'
    /Users/geraldleenerts/.rvm/gems/ruby-1.8.7-p330@vivid/gems/actionpack-2.3.2/lib/action_controller/session/cookie_store.rb:93:in `call'
    /Users/geraldleenerts/.rvm/gems/ruby-1.8.7-p330@vivid/gems/actionpack-2.3.2/lib/action_controller/reloader.rb:9:in `call'
    /Users/geraldleenerts/.rvm/gems/ruby-1.8.7-p330@vivid/gems/actionpack-2.3.2/lib/action_controller/failsafe.rb:11:in `call'
    /Users/geraldleenerts/.rvm/gems/ruby-1.8.7-p330@vivid/gems/actionpack-2.3.2/lib/action_controller/vendor/rack-1.0/rack/lock.rb:11:in `call'
    /Users/geraldleenerts/.rvm/gems/ruby-1.8.7-p330@vivid/gems/actionpack-2.3.2/lib/action_controller/vendor/rack-1.0/rack/lock.rb:11:in `synchronize'
    /Users/geraldleenerts/.rvm/gems/ruby-1.8.7-p330@vivid/gems/actionpack-2.3.2/lib/action_controller/vendor/rack-1.0/rack/lock.rb:11:in `call'
    /Users/geraldleenerts/.rvm/gems/ruby-1.8.7-p330@vivid/gems/actionpack-2.3.2/lib/action_controller/dispatcher.rb:106:in `call'
    /Users/geraldleenerts/.rvm/gems/ruby-1.8.7-p330@vivid/gems/rails-2.3.2/lib/rails/rack/static.rb:31:in `call'
    /Users/geraldleenerts/.rvm/gems/ruby-1.8.7-p330@vivid/gems/actionpack-2.3.2/lib/action_controller/vendor/rack-1.0/rack/urlmap.rb:46:in `call'
    /Users/geraldleenerts/.rvm/gems/ruby-1.8.7-p330@vivid/gems/actionpack-2.3.2/lib/action_controller/vendor/rack-1.0/rack/urlmap.rb:40:in `each'
    /Users/geraldleenerts/.rvm/gems/ruby-1.8.7-p330@vivid/gems/actionpack-2.3.2/lib/action_controller/vendor/rack-1.0/rack/urlmap.rb:40:in `call'
    /Users/geraldleenerts/.rvm/gems/ruby-1.8.7-p330@vivid/gems/rails-2.3.2/lib/rails/rack/log_tailer.rb:17:in `call'
    /Users/geraldleenerts/.rvm/gems/ruby-1.8.7-p330@vivid/gems/actionpack-2.3.2/lib/action_controller/vendor/rack-1.0/rack/content_length.rb:13:in `call'
    /Users/geraldleenerts/.rvm/gems/ruby-1.8.7-p330@vivid/gems/actionpack-2.3.2/lib/action_controller/vendor/rack-1.0/rack/handler/webrick.rb:46:in `service'
    /Users/geraldleenerts/.rvm/rubies/ruby-1.8.7-p330/lib/ruby/1.8/webrick/httpserver.rb:104:in `service'
    /Users/geraldleenerts/.rvm/rubies/ruby-1.8.7-p330/lib/ruby/1.8/webrick/httpserver.rb:65:in `run'
    /Users/geraldleenerts/.rvm/rubies/ruby-1.8.7-p330/lib/ruby/1.8/webrick/server.rb:173:in `start_thread'
    /Users/geraldleenerts/.rvm/rubies/ruby-1.8.7-p330/lib/ruby/1.8/webrick/server.rb:162:in `start'
    /Users/geraldleenerts/.rvm/rubies/ruby-1.8.7-p330/lib/ruby/1.8/webrick/server.rb:162:in `start_thread'
    /Users/geraldleenerts/.rvm/rubies/ruby-1.8.7-p330/lib/ruby/1.8/webrick/server.rb:95:in `start'
    /Users/geraldleenerts/.rvm/rubies/ruby-1.8.7-p330/lib/ruby/1.8/webrick/server.rb:92:in `each'
    /Users/geraldleenerts/.rvm/rubies/ruby-1.8.7-p330/lib/ruby/1.8/webrick/server.rb:92:in `start'
    /Users/geraldleenerts/.rvm/rubies/ruby-1.8.7-p330/lib/ruby/1.8/webrick/server.rb:23:in `start'
    /Users/geraldleenerts/.rvm/rubies/ruby-1.8.7-p330/lib/ruby/1.8/webrick/server.rb:82:in `start'
    /Users/geraldleenerts/.rvm/gems/ruby-1.8.7-p330@vivid/gems/actionpack-2.3.2/lib/action_controller/vendor/rack-1.0/rack/handler/webrick.rb:13:in `run'
    /Users/geraldleenerts/.rvm/gems/ruby-1.8.7-p330@vivid/gems/rails-2.3.2/lib/commands/server.rb:111
    /Users/geraldleenerts/.rvm/rubies/ruby-1.8.7-p330/lib/ruby/site_ruby/1.8/rubygems/custom_require.rb:29:in `gem_original_require'
    /Users/geraldleenerts/.rvm/rubies/ruby-1.8.7-p330/lib/ruby/site_ruby/1.8/rubygems/custom_require.rb:29:in `require'
    script/server:3
/!\ FAILSAFE /!\  Sun Feb 20 15:39:31 -0600 2011
  Status: 500 Internal Server Error
  no such file to load -- sqlite3
    /Users/geraldleenerts/.rvm/rubies/ruby-1.8.7-p330/lib/ruby/site_ruby/1.8/rubygems/custom_require.rb:29:in `gem_original_require'
    /Users/geraldleenerts/.rvm/rubies/ruby-1.8.7-p330/lib/ruby/site_ruby/1.8/rubygems/custom_require.rb:29:in `require'
    /Users/geraldleenerts/.rvm/gems/ruby-1.8.7-p330@vivid/gems/activesupport-2.3.2/lib/active_support/dependencies.rb:156:in `require'
    /Users/geraldleenerts/.rvm/gems/ruby-1.8.7-p330@vivid/gems/activesupport-2.3.2/lib/active_support/dependencies.rb:521:in `new_constants_in'
    /Users/geraldleenerts/.rvm/gems/ruby-1.8.7-p330@vivid/gems/activesupport-2.3.2/lib/active_support/dependencies.rb:156:in `require'
    /Users/geraldleenerts/.rvm/gems/ruby-1.8.7-p330@vivid/gems/activesupport-2.3.2/lib/active_support/core_ext/kernel/requires.rb:7:in `require_library_or_gem'
    /Users/geraldleenerts/.rvm/gems/ruby-1.8.7-p330@vivid/gems/activesupport-2.3.2/lib/active_support/core_ext/kernel/reporting.rb:11:in `silence_warnings'
    /Users/geraldleenerts/.rvm/gems/ruby-1.8.7-p330@vivid/gems/activesupport-2.3.2/lib/active_support/core_ext/kernel/requires.rb:5:in `require_library_or_gem'
    /Users/geraldleenerts/.rvm/gems/ruby-1.8.7-p330@vivid/gems/activerecord-2.3.2/lib/active_record/connection_adapters/sqlite3_adapter.rb:10:in `sqlite3_connection'
    /Users/geraldleenerts/.rvm/gems/ruby-1.8.7-p330@vivid/gems/activerecord-2.3.2/lib/active_record/connection_adapters/abstract/connection_pool.rb:223:in `send'
    /Users/geraldleenerts/.rvm/gems/ruby-1.8.7-p330@vivid/gems/activerecord-2.3.2/lib/active_record/connection_adapters/abstract/connection_pool.rb:223:in `new_connection'
    /Users/geraldleenerts/.rvm/gems/ruby-1.8.7-p330@vivid/gems/activerecord-2.3.2/lib/active_record/connection_adapters/abstract/connection_pool.rb:245:in `checkout_new_connection'
    /Users/geraldleenerts/.rvm/gems/ruby-1.8.7-p330@vivid/gems/activerecord-2.3.2/lib/active_record/connection_adapters/abstract/connection_pool.rb:188:in `checkout'
    /Users/geraldleenerts/.rvm/gems/ruby-1.8.7-p330@vivid/gems/activerecord-2.3.2/lib/active_record/connection_adapters/abstract/connection_pool.rb:184:in `loop'
    /Users/geraldleenerts/.rvm/gems/ruby-1.8.7-p330@vivid/gems/activerecord-2.3.2/lib/active_record/connection_adapters/abstract/connection_pool.rb:184:in `checkout'
    /Users/geraldleenerts/.rvm/rubies/ruby-1.8.7-p330/lib/ruby/1.8/monitor.rb:242:in `synchronize'
    /Users/geraldleenerts/.rvm/gems/ruby-1.8.7-p330@vivid/gems/activerecord-2.3.2/lib/active_record/connection_adapters/abstract/connection_pool.rb:183:in `checkout'
    /Users/geraldleenerts/.rvm/gems/ruby-1.8.7-p330@vivid/gems/activerecord-2.3.2/lib/active_record/connection_adapters/abstract/connection_pool.rb:98:in `connection'
    /Users/geraldleenerts/.rvm/gems/ruby-1.8.7-p330@vivid/gems/activerecord-2.3.2/lib/active_record/connection_adapters/abstract/connection_pool.rb:326:in `retrieve_connection'
    /Users/geraldleenerts/.rvm/gems/ruby-1.8.7-p330@vivid/gems/activerecord-2.3.2/lib/active_record/connection_adapters/abstract/connection_specification.rb:123:in `retrieve_connection'
    /Users/geraldleenerts/.rvm/gems/ruby-1.8.7-p330@vivid/gems/activerecord-2.3.2/lib/active_record/connection_adapters/abstract/connection_specification.rb:115:in `connection'
    /Users/geraldleenerts/.rvm/gems/ruby-1.8.7-p330@vivid/gems/activerecord-2.3.2/lib/active_record/query_cache.rb:9:in `cache'
    /Users/geraldleenerts/.rvm/gems/ruby-1.8.7-p330@vivid/gems/activerecord-2.3.2/lib/active_record/query_cache.rb:28:in `call'
    /Users/geraldleenerts/.rvm/gems/ruby-1.8.7-p330@vivid/gems/activerecord-2.3.2/lib/active_record/connection_adapters/abstract/connection_pool.rb:361:in `call'
    /Users/geraldleenerts/.rvm/gems/ruby-1.8.7-p330@vivid/gems/actionpack-2.3.2/lib/action_controller/vendor/rack-1.0/rack/head.rb:9:in `call'
    /Users/geraldleenerts/.rvm/gems/ruby-1.8.7-p330@vivid/gems/actionpack-2.3.2/lib/action_controller/vendor/rack-1.0/rack/methodoverride.rb:24:in `call'
    /Users/geraldleenerts/.rvm/gems/ruby-1.8.7-p330@vivid/gems/actionpack-2.3.2/lib/action_controller/params_parser.rb:15:in `call'
    /Users/geraldleenerts/.rvm/gems/ruby-1.8.7-p330@vivid/gems/actionpack-2.3.2/lib/action_controller/rewindable_input.rb:25:in `call'
    /Users/geraldleenerts/.rvm/gems/ruby-1.8.7-p330@vivid/gems/actionpack-2.3.2/lib/action_controller/session/cookie_store.rb:93:in `call'
    /Users/geraldleenerts/.rvm/gems/ruby-1.8.7-p330@vivid/gems/actionpack-2.3.2/lib/action_controller/reloader.rb:9:in `call'
    /Users/geraldleenerts/.rvm/gems/ruby-1.8.7-p330@vivid/gems/actionpack-2.3.2/lib/action_controller/failsafe.rb:11:in `call'
    /Users/geraldleenerts/.rvm/gems/ruby-1.8.7-p330@vivid/gems/actionpack-2.3.2/lib/action_controller/vendor/rack-1.0/rack/lock.rb:11:in `call'
    /Users/geraldleenerts/.rvm/gems/ruby-1.8.7-p330@vivid/gems/actionpack-2.3.2/lib/action_controller/vendor/rack-1.0/rack/lock.rb:11:in `synchronize'
    /Users/geraldleenerts/.rvm/gems/ruby-1.8.7-p330@vivid/gems/actionpack-2.3.2/lib/action_controller/vendor/rack-1.0/rack/lock.rb:11:in `call'
    /Users/geraldleenerts/.rvm/gems/ruby-1.8.7-p330@vivid/gems/actionpack-2.3.2/lib/action_controller/dispatcher.rb:106:in `call'
    /Users/geraldleenerts/.rvm/gems/ruby-1.8.7-p330@vivid/gems/rails-2.3.2/lib/rails/rack/static.rb:31:in `call'
    /Users/geraldleenerts/.rvm/gems/ruby-1.8.7-p330@vivid/gems/actionpack-2.3.2/lib/action_controller/vendor/rack-1.0/rack/urlmap.rb:46:in `call'
    /Users/geraldleenerts/.rvm/gems/ruby-1.8.7-p330@vivid/gems/actionpack-2.3.2/lib/action_controller/vendor/rack-1.0/rack/urlmap.rb:40:in `each'
    /Users/geraldleenerts/.rvm/gems/ruby-1.8.7-p330@vivid/gems/actionpack-2.3.2/lib/action_controller/vendor/rack-1.0/rack/urlmap.rb:40:in `call'
    /Users/geraldleenerts/.rvm/gems/ruby-1.8.7-p330@vivid/gems/rails-2.3.2/lib/rails/rack/log_tailer.rb:17:in `call'
    /Users/geraldleenerts/.rvm/gems/ruby-1.8.7-p330@vivid/gems/actionpack-2.3.2/lib/action_controller/vendor/rack-1.0/rack/content_length.rb:13:in `call'
    /Users/geraldleenerts/.rvm/gems/ruby-1.8.7-p330@vivid/gems/actionpack-2.3.2/lib/action_controller/vendor/rack-1.0/rack/handler/webrick.rb:46:in `service'
    /Users/geraldleenerts/.rvm/rubies/ruby-1.8.7-p330/lib/ruby/1.8/webrick/httpserver.rb:104:in `service'
    /Users/geraldleenerts/.rvm/rubies/ruby-1.8.7-p330/lib/ruby/1.8/webrick/httpserver.rb:65:in `run'
    /Users/geraldleenerts/.rvm/rubies/ruby-1.8.7-p330/lib/ruby/1.8/webrick/server.rb:173:in `start_thread'
    /Users/geraldleenerts/.rvm/rubies/ruby-1.8.7-p330/lib/ruby/1.8/webrick/server.rb:162:in `start'
    /Users/geraldleenerts/.rvm/rubies/ruby-1.8.7-p330/lib/ruby/1.8/webrick/server.rb:162:in `start_thread'
    /Users/geraldleenerts/.rvm/rubies/ruby-1.8.7-p330/lib/ruby/1.8/webrick/server.rb:95:in `start'
    /Users/geraldleenerts/.rvm/rubies/ruby-1.8.7-p330/lib/ruby/1.8/webrick/server.rb:92:in `each'
    /Users/geraldleenerts/.rvm/rubies/ruby-1.8.7-p330/lib/ruby/1.8/webrick/server.rb:92:in `start'
    /Users/geraldleenerts/.rvm/rubies/ruby-1.8.7-p330/lib/ruby/1.8/webrick/server.rb:23:in `start'
    /Users/geraldleenerts/.rvm/rubies/ruby-1.8.7-p330/lib/ruby/1.8/webrick/server.rb:82:in `start'
    /Users/geraldleenerts/.rvm/gems/ruby-1.8.7-p330@vivid/gems/actionpack-2.3.2/lib/action_controller/vendor/rack-1.0/rack/handler/webrick.rb:13:in `run'
    /Users/geraldleenerts/.rvm/gems/ruby-1.8.7-p330@vivid/gems/rails-2.3.2/lib/commands/server.rb:111
    /Users/geraldleenerts/.rvm/rubies/ruby-1.8.7-p330/lib/ruby/site_ruby/1.8/rubygems/custom_require.rb:29:in `gem_original_require'
    /Users/geraldleenerts/.rvm/rubies/ruby-1.8.7-p330/lib/ruby/site_ruby/1.8/rubygems/custom_require.rb:29:in `require'
    script/server:3
/!\ FAILSAFE /!\  Sun Feb 20 15:39:32 -0600 2011
  Status: 500 Internal Server Error
  no such file to load -- sqlite3
    /Users/geraldleenerts/.rvm/rubies/ruby-1.8.7-p330/lib/ruby/site_ruby/1.8/rubygems/custom_require.rb:29:in `gem_original_require'
    /Users/geraldleenerts/.rvm/rubies/ruby-1.8.7-p330/lib/ruby/site_ruby/1.8/rubygems/custom_require.rb:29:in `require'
    /Users/geraldleenerts/.rvm/gems/ruby-1.8.7-p330@vivid/gems/activesupport-2.3.2/lib/active_support/dependencies.rb:156:in `require'
    /Users/geraldleenerts/.rvm/gems/ruby-1.8.7-p330@vivid/gems/activesupport-2.3.2/lib/active_support/dependencies.rb:521:in `new_constants_in'
    /Users/geraldleenerts/.rvm/gems/ruby-1.8.7-p330@vivid/gems/activesupport-2.3.2/lib/active_support/dependencies.rb:156:in `require'
    /Users/geraldleenerts/.rvm/gems/ruby-1.8.7-p330@vivid/gems/activesupport-2.3.2/lib/active_support/core_ext/kernel/requires.rb:7:in `require_library_or_gem'
    /Users/geraldleenerts/.rvm/gems/ruby-1.8.7-p330@vivid/gems/activesupport-2.3.2/lib/active_support/core_ext/kernel/reporting.rb:11:in `silence_warnings'
    /Users/geraldleenerts/.rvm/gems/ruby-1.8.7-p330@vivid/gems/activesupport-2.3.2/lib/active_support/core_ext/kernel/requires.rb:5:in `require_library_or_gem'
    /Users/geraldleenerts/.rvm/gems/ruby-1.8.7-p330@vivid/gems/activerecord-2.3.2/lib/active_record/connection_adapters/sqlite3_adapter.rb:10:in `sqlite3_connection'
    /Users/geraldleenerts/.rvm/gems/ruby-1.8.7-p330@vivid/gems/activerecord-2.3.2/lib/active_record/connection_adapters/abstract/connection_pool.rb:223:in `send'
    /Users/geraldleenerts/.rvm/gems/ruby-1.8.7-p330@vivid/gems/activerecord-2.3.2/lib/active_record/connection_adapters/abstract/connection_pool.rb:223:in `new_connection'
    /Users/geraldleenerts/.rvm/gems/ruby-1.8.7-p330@vivid/gems/activerecord-2.3.2/lib/active_record/connection_adapters/abstract/connection_pool.rb:245:in `checkout_new_connection'
    /Users/geraldleenerts/.rvm/gems/ruby-1.8.7-p330@vivid/gems/activerecord-2.3.2/lib/active_record/connection_adapters/abstract/connection_pool.rb:188:in `checkout'
    /Users/geraldleenerts/.rvm/gems/ruby-1.8.7-p330@vivid/gems/activerecord-2.3.2/lib/active_record/connection_adapters/abstract/connection_pool.rb:184:in `loop'
    /Users/geraldleenerts/.rvm/gems/ruby-1.8.7-p330@vivid/gems/activerecord-2.3.2/lib/active_record/connection_adapters/abstract/connection_pool.rb:184:in `checkout'
    /Users/geraldleenerts/.rvm/rubies/ruby-1.8.7-p330/lib/ruby/1.8/monitor.rb:242:in `synchronize'
    /Users/geraldleenerts/.rvm/gems/ruby-1.8.7-p330@vivid/gems/activerecord-2.3.2/lib/active_record/connection_adapters/abstract/connection_pool.rb:183:in `checkout'
    /Users/geraldleenerts/.rvm/gems/ruby-1.8.7-p330@vivid/gems/activerecord-2.3.2/lib/active_record/connection_adapters/abstract/connection_pool.rb:98:in `connection'
    /Users/geraldleenerts/.rvm/gems/ruby-1.8.7-p330@vivid/gems/activerecord-2.3.2/lib/active_record/connection_adapters/abstract/connection_pool.rb:326:in `retrieve_connection'
    /Users/geraldleenerts/.rvm/gems/ruby-1.8.7-p330@vivid/gems/activerecord-2.3.2/lib/active_record/connection_adapters/abstract/connection_specification.rb:123:in `retrieve_connection'
    /Users/geraldleenerts/.rvm/gems/ruby-1.8.7-p330@vivid/gems/activerecord-2.3.2/lib/active_record/connection_adapters/abstract/connection_specification.rb:115:in `connection'
    /Users/geraldleenerts/.rvm/gems/ruby-1.8.7-p330@vivid/gems/activerecord-2.3.2/lib/active_record/query_cache.rb:9:in `cache'
    /Users/geraldleenerts/.rvm/gems/ruby-1.8.7-p330@vivid/gems/activerecord-2.3.2/lib/active_record/query_cache.rb:28:in `call'
    /Users/geraldleenerts/.rvm/gems/ruby-1.8.7-p330@vivid/gems/activerecord-2.3.2/lib/active_record/connection_adapters/abstract/connection_pool.rb:361:in `call'
    /Users/geraldleenerts/.rvm/gems/ruby-1.8.7-p330@vivid/gems/actionpack-2.3.2/lib/action_controller/vendor/rack-1.0/rack/head.rb:9:in `call'
    /Users/geraldleenerts/.rvm/gems/ruby-1.8.7-p330@vivid/gems/actionpack-2.3.2/lib/action_controller/vendor/rack-1.0/rack/methodoverride.rb:24:in `call'
    /Users/geraldleenerts/.rvm/gems/ruby-1.8.7-p330@vivid/gems/actionpack-2.3.2/lib/action_controller/params_parser.rb:15:in `call'
    /Users/geraldleenerts/.rvm/gems/ruby-1.8.7-p330@vivid/gems/actionpack-2.3.2/lib/action_controller/rewindable_input.rb:25:in `call'
    /Users/geraldleenerts/.rvm/gems/ruby-1.8.7-p330@vivid/gems/actionpack-2.3.2/lib/action_controller/session/cookie_store.rb:93:in `call'
    /Users/geraldleenerts/.rvm/gems/ruby-1.8.7-p330@vivid/gems/actionpack-2.3.2/lib/action_controller/reloader.rb:9:in `call'
    /Users/geraldleenerts/.rvm/gems/ruby-1.8.7-p330@vivid/gems/actionpack-2.3.2/lib/action_controller/failsafe.rb:11:in `call'
    /Users/geraldleenerts/.rvm/gems/ruby-1.8.7-p330@vivid/gems/actionpack-2.3.2/lib/action_controller/vendor/rack-1.0/rack/lock.rb:11:in `call'
    /Users/geraldleenerts/.rvm/gems/ruby-1.8.7-p330@vivid/gems/actionpack-2.3.2/lib/action_controller/vendor/rack-1.0/rack/lock.rb:11:in `synchronize'
    /Users/geraldleenerts/.rvm/gems/ruby-1.8.7-p330@vivid/gems/actionpack-2.3.2/lib/action_controller/vendor/rack-1.0/rack/lock.rb:11:in `call'
    /Users/geraldleenerts/.rvm/gems/ruby-1.8.7-p330@vivid/gems/actionpack-2.3.2/lib/action_controller/dispatcher.rb:106:in `call'
    /Users/geraldleenerts/.rvm/gems/ruby-1.8.7-p330@vivid/gems/rails-2.3.2/lib/rails/rack/static.rb:31:in `call'
    /Users/geraldleenerts/.rvm/gems/ruby-1.8.7-p330@vivid/gems/actionpack-2.3.2/lib/action_controller/vendor/rack-1.0/rack/urlmap.rb:46:in `call'
    /Users/geraldleenerts/.rvm/gems/ruby-1.8.7-p330@vivid/gems/actionpack-2.3.2/lib/action_controller/vendor/rack-1.0/rack/urlmap.rb:40:in `each'
    /Users/geraldleenerts/.rvm/gems/ruby-1.8.7-p330@vivid/gems/actionpack-2.3.2/lib/action_controller/vendor/rack-1.0/rack/urlmap.rb:40:in `call'
    /Users/geraldleenerts/.rvm/gems/ruby-1.8.7-p330@vivid/gems/rails-2.3.2/lib/rails/rack/log_tailer.rb:17:in `call'
    /Users/geraldleenerts/.rvm/gems/ruby-1.8.7-p330@vivid/gems/actionpack-2.3.2/lib/action_controller/vendor/rack-1.0/rack/content_length.rb:13:in `call'
    /Users/geraldleenerts/.rvm/gems/ruby-1.8.7-p330@vivid/gems/actionpack-2.3.2/lib/action_controller/vendor/rack-1.0/rack/handler/webrick.rb:46:in `service'
    /Users/geraldleenerts/.rvm/rubies/ruby-1.8.7-p330/lib/ruby/1.8/webrick/httpserver.rb:104:in `service'
    /Users/geraldleenerts/.rvm/rubies/ruby-1.8.7-p330/lib/ruby/1.8/webrick/httpserver.rb:65:in `run'
    /Users/geraldleenerts/.rvm/rubies/ruby-1.8.7-p330/lib/ruby/1.8/webrick/server.rb:173:in `start_thread'
    /Users/geraldleenerts/.rvm/rubies/ruby-1.8.7-p330/lib/ruby/1.8/webrick/server.rb:162:in `start'
    /Users/geraldleenerts/.rvm/rubies/ruby-1.8.7-p330/lib/ruby/1.8/webrick/server.rb:162:in `start_thread'
    /Users/geraldleenerts/.rvm/rubies/ruby-1.8.7-p330/lib/ruby/1.8/webrick/server.rb:95:in `start'
    /Users/geraldleenerts/.rvm/rubies/ruby-1.8.7-p330/lib/ruby/1.8/webrick/server.rb:92:in `each'
    /Users/geraldleenerts/.rvm/rubies/ruby-1.8.7-p330/lib/ruby/1.8/webrick/server.rb:92:in `start'
    /Users/geraldleenerts/.rvm/rubies/ruby-1.8.7-p330/lib/ruby/1.8/webrick/server.rb:23:in `start'
    /Users/geraldleenerts/.rvm/rubies/ruby-1.8.7-p330/lib/ruby/1.8/webrick/server.rb:82:in `start'
    /Users/geraldleenerts/.rvm/gems/ruby-1.8.7-p330@vivid/gems/actionpack-2.3.2/lib/action_controller/vendor/rack-1.0/rack/handler/webrick.rb:13:in `run'
    /Users/geraldleenerts/.rvm/gems/ruby-1.8.7-p330@vivid/gems/rails-2.3.2/lib/commands/server.rb:111
    /Users/geraldleenerts/.rvm/rubies/ruby-1.8.7-p330/lib/ruby/site_ruby/1.8/rubygems/custom_require.rb:29:in `gem_original_require'
    /Users/geraldleenerts/.rvm/rubies/ruby-1.8.7-p330/lib/ruby/site_ruby/1.8/rubygems/custom_require.rb:29:in `require'
    script/server:3
/!\ FAILSAFE /!\  Sun Feb 20 15:39:50 -0600 2011
  Status: 500 Internal Server Error
  no such file to load -- sqlite3
    /Users/geraldleenerts/.rvm/rubies/ruby-1.8.7-p330/lib/ruby/site_ruby/1.8/rubygems/custom_require.rb:29:in `gem_original_require'
    /Users/geraldleenerts/.rvm/rubies/ruby-1.8.7-p330/lib/ruby/site_ruby/1.8/rubygems/custom_require.rb:29:in `require'
    /Users/geraldleenerts/.rvm/gems/ruby-1.8.7-p330@vivid/gems/activesupport-2.3.2/lib/active_support/dependencies.rb:156:in `require'
    /Users/geraldleenerts/.rvm/gems/ruby-1.8.7-p330@vivid/gems/activesupport-2.3.2/lib/active_support/dependencies.rb:521:in `new_constants_in'
    /Users/geraldleenerts/.rvm/gems/ruby-1.8.7-p330@vivid/gems/activesupport-2.3.2/lib/active_support/dependencies.rb:156:in `require'
    /Users/geraldleenerts/.rvm/gems/ruby-1.8.7-p330@vivid/gems/activesupport-2.3.2/lib/active_support/core_ext/kernel/requires.rb:7:in `require_library_or_gem'
    /Users/geraldleenerts/.rvm/gems/ruby-1.8.7-p330@vivid/gems/activesupport-2.3.2/lib/active_support/core_ext/kernel/reporting.rb:11:in `silence_warnings'
    /Users/geraldleenerts/.rvm/gems/ruby-1.8.7-p330@vivid/gems/activesupport-2.3.2/lib/active_support/core_ext/kernel/requires.rb:5:in `require_library_or_gem'
    /Users/geraldleenerts/.rvm/gems/ruby-1.8.7-p330@vivid/gems/activerecord-2.3.2/lib/active_record/connection_adapters/sqlite3_adapter.rb:10:in `sqlite3_connection'
    /Users/geraldleenerts/.rvm/gems/ruby-1.8.7-p330@vivid/gems/activerecord-2.3.2/lib/active_record/connection_adapters/abstract/connection_pool.rb:223:in `send'
    /Users/geraldleenerts/.rvm/gems/ruby-1.8.7-p330@vivid/gems/activerecord-2.3.2/lib/active_record/connection_adapters/abstract/connection_pool.rb:223:in `new_connection'
    /Users/geraldleenerts/.rvm/gems/ruby-1.8.7-p330@vivid/gems/activerecord-2.3.2/lib/active_record/connection_adapters/abstract/connection_pool.rb:245:in `checkout_new_connection'
    /Users/geraldleenerts/.rvm/gems/ruby-1.8.7-p330@vivid/gems/activerecord-2.3.2/lib/active_record/connection_adapters/abstract/connection_pool.rb:188:in `checkout'
    /Users/geraldleenerts/.rvm/gems/ruby-1.8.7-p330@vivid/gems/activerecord-2.3.2/lib/active_record/connection_adapters/abstract/connection_pool.rb:184:in `loop'
    /Users/geraldleenerts/.rvm/gems/ruby-1.8.7-p330@vivid/gems/activerecord-2.3.2/lib/active_record/connection_adapters/abstract/connection_pool.rb:184:in `checkout'
    /Users/geraldleenerts/.rvm/rubies/ruby-1.8.7-p330/lib/ruby/1.8/monitor.rb:242:in `synchronize'
    /Users/geraldleenerts/.rvm/gems/ruby-1.8.7-p330@vivid/gems/activerecord-2.3.2/lib/active_record/connection_adapters/abstract/connection_pool.rb:183:in `checkout'
    /Users/geraldleenerts/.rvm/gems/ruby-1.8.7-p330@vivid/gems/activerecord-2.3.2/lib/active_record/connection_adapters/abstract/connection_pool.rb:98:in `connection'
    /Users/geraldleenerts/.rvm/gems/ruby-1.8.7-p330@vivid/gems/activerecord-2.3.2/lib/active_record/connection_adapters/abstract/connection_pool.rb:326:in `retrieve_connection'
    /Users/geraldleenerts/.rvm/gems/ruby-1.8.7-p330@vivid/gems/activerecord-2.3.2/lib/active_record/connection_adapters/abstract/connection_specification.rb:123:in `retrieve_connection'
    /Users/geraldleenerts/.rvm/gems/ruby-1.8.7-p330@vivid/gems/activerecord-2.3.2/lib/active_record/connection_adapters/abstract/connection_specification.rb:115:in `connection'
    /Users/geraldleenerts/.rvm/gems/ruby-1.8.7-p330@vivid/gems/activerecord-2.3.2/lib/active_record/query_cache.rb:9:in `cache'
    /Users/geraldleenerts/.rvm/gems/ruby-1.8.7-p330@vivid/gems/activerecord-2.3.2/lib/active_record/query_cache.rb:28:in `call'
    /Users/geraldleenerts/.rvm/gems/ruby-1.8.7-p330@vivid/gems/activerecord-2.3.2/lib/active_record/connection_adapters/abstract/connection_pool.rb:361:in `call'
    /Users/geraldleenerts/.rvm/gems/ruby-1.8.7-p330@vivid/gems/actionpack-2.3.2/lib/action_controller/vendor/rack-1.0/rack/head.rb:9:in `call'
    /Users/geraldleenerts/.rvm/gems/ruby-1.8.7-p330@vivid/gems/actionpack-2.3.2/lib/action_controller/vendor/rack-1.0/rack/methodoverride.rb:24:in `call'
    /Users/geraldleenerts/.rvm/gems/ruby-1.8.7-p330@vivid/gems/actionpack-2.3.2/lib/action_controller/params_parser.rb:15:in `call'
    /Users/geraldleenerts/.rvm/gems/ruby-1.8.7-p330@vivid/gems/actionpack-2.3.2/lib/action_controller/rewindable_input.rb:25:in `call'
    /Users/geraldleenerts/.rvm/gems/ruby-1.8.7-p330@vivid/gems/actionpack-2.3.2/lib/action_controller/session/cookie_store.rb:93:in `call'
    /Users/geraldleenerts/.rvm/gems/ruby-1.8.7-p330@vivid/gems/actionpack-2.3.2/lib/action_controller/reloader.rb:9:in `call'
    /Users/geraldleenerts/.rvm/gems/ruby-1.8.7-p330@vivid/gems/actionpack-2.3.2/lib/action_controller/failsafe.rb:11:in `call'
    /Users/geraldleenerts/.rvm/gems/ruby-1.8.7-p330@vivid/gems/actionpack-2.3.2/lib/action_controller/vendor/rack-1.0/rack/lock.rb:11:in `call'
    /Users/geraldleenerts/.rvm/gems/ruby-1.8.7-p330@vivid/gems/actionpack-2.3.2/lib/action_controller/vendor/rack-1.0/rack/lock.rb:11:in `synchronize'
    /Users/geraldleenerts/.rvm/gems/ruby-1.8.7-p330@vivid/gems/actionpack-2.3.2/lib/action_controller/vendor/rack-1.0/rack/lock.rb:11:in `call'
    /Users/geraldleenerts/.rvm/gems/ruby-1.8.7-p330@vivid/gems/actionpack-2.3.2/lib/action_controller/dispatcher.rb:106:in `call'
    /Users/geraldleenerts/.rvm/gems/ruby-1.8.7-p330@vivid/gems/rails-2.3.2/lib/rails/rack/static.rb:31:in `call'
    /Users/geraldleenerts/.rvm/gems/ruby-1.8.7-p330@vivid/gems/actionpack-2.3.2/lib/action_controller/vendor/rack-1.0/rack/urlmap.rb:46:in `call'
    /Users/geraldleenerts/.rvm/gems/ruby-1.8.7-p330@vivid/gems/actionpack-2.3.2/lib/action_controller/vendor/rack-1.0/rack/urlmap.rb:40:in `each'
    /Users/geraldleenerts/.rvm/gems/ruby-1.8.7-p330@vivid/gems/actionpack-2.3.2/lib/action_controller/vendor/rack-1.0/rack/urlmap.rb:40:in `call'
    /Users/geraldleenerts/.rvm/gems/ruby-1.8.7-p330@vivid/gems/rails-2.3.2/lib/rails/rack/log_tailer.rb:17:in `call'
    /Users/geraldleenerts/.rvm/gems/ruby-1.8.7-p330@vivid/gems/actionpack-2.3.2/lib/action_controller/vendor/rack-1.0/rack/content_length.rb:13:in `call'
    /Users/geraldleenerts/.rvm/gems/ruby-1.8.7-p330@vivid/gems/actionpack-2.3.2/lib/action_controller/vendor/rack-1.0/rack/handler/webrick.rb:46:in `service'
    /Users/geraldleenerts/.rvm/rubies/ruby-1.8.7-p330/lib/ruby/1.8/webrick/httpserver.rb:104:in `service'
    /Users/geraldleenerts/.rvm/rubies/ruby-1.8.7-p330/lib/ruby/1.8/webrick/httpserver.rb:65:in `run'
    /Users/geraldleenerts/.rvm/rubies/ruby-1.8.7-p330/lib/ruby/1.8/webrick/server.rb:173:in `start_thread'
    /Users/geraldleenerts/.rvm/rubies/ruby-1.8.7-p330/lib/ruby/1.8/webrick/server.rb:162:in `start'
    /Users/geraldleenerts/.rvm/rubies/ruby-1.8.7-p330/lib/ruby/1.8/webrick/server.rb:162:in `start_thread'
    /Users/geraldleenerts/.rvm/rubies/ruby-1.8.7-p330/lib/ruby/1.8/webrick/server.rb:95:in `start'
    /Users/geraldleenerts/.rvm/rubies/ruby-1.8.7-p330/lib/ruby/1.8/webrick/server.rb:92:in `each'
    /Users/geraldleenerts/.rvm/rubies/ruby-1.8.7-p330/lib/ruby/1.8/webrick/server.rb:92:in `start'
    /Users/geraldleenerts/.rvm/rubies/ruby-1.8.7-p330/lib/ruby/1.8/webrick/server.rb:23:in `start'
    /Users/geraldleenerts/.rvm/rubies/ruby-1.8.7-p330/lib/ruby/1.8/webrick/server.rb:82:in `start'
    /Users/geraldleenerts/.rvm/gems/ruby-1.8.7-p330@vivid/gems/actionpack-2.3.2/lib/action_controller/vendor/rack-1.0/rack/handler/webrick.rb:13:in `run'
    /Users/geraldleenerts/.rvm/gems/ruby-1.8.7-p330@vivid/gems/rails-2.3.2/lib/commands/server.rb:111
    /Users/geraldleenerts/.rvm/rubies/ruby-1.8.7-p330/lib/ruby/site_ruby/1.8/rubygems/custom_require.rb:29:in `gem_original_require'
    /Users/geraldleenerts/.rvm/rubies/ruby-1.8.7-p330/lib/ruby/site_ruby/1.8/rubygems/custom_require.rb:29:in `require'
    script/server:3
/!\ FAILSAFE /!\  Sun Feb 20 15:39:57 -0600 2011
  Status: 500 Internal Server Error
  no such file to load -- sqlite3
    /Users/geraldleenerts/.rvm/rubies/ruby-1.8.7-p330/lib/ruby/site_ruby/1.8/rubygems/custom_require.rb:29:in `gem_original_require'
    /Users/geraldleenerts/.rvm/rubies/ruby-1.8.7-p330/lib/ruby/site_ruby/1.8/rubygems/custom_require.rb:29:in `require'
    /Users/geraldleenerts/.rvm/gems/ruby-1.8.7-p330@vivid/gems/activesupport-2.3.2/lib/active_support/dependencies.rb:156:in `require'
    /Users/geraldleenerts/.rvm/gems/ruby-1.8.7-p330@vivid/gems/activesupport-2.3.2/lib/active_support/dependencies.rb:521:in `new_constants_in'
    /Users/geraldleenerts/.rvm/gems/ruby-1.8.7-p330@vivid/gems/activesupport-2.3.2/lib/active_support/dependencies.rb:156:in `require'
    /Users/geraldleenerts/.rvm/gems/ruby-1.8.7-p330@vivid/gems/activesupport-2.3.2/lib/active_support/core_ext/kernel/requires.rb:7:in `require_library_or_gem'
    /Users/geraldleenerts/.rvm/gems/ruby-1.8.7-p330@vivid/gems/activesupport-2.3.2/lib/active_support/core_ext/kernel/reporting.rb:11:in `silence_warnings'
    /Users/geraldleenerts/.rvm/gems/ruby-1.8.7-p330@vivid/gems/activesupport-2.3.2/lib/active_support/core_ext/kernel/requires.rb:5:in `require_library_or_gem'
    /Users/geraldleenerts/.rvm/gems/ruby-1.8.7-p330@vivid/gems/activerecord-2.3.2/lib/active_record/connection_adapters/sqlite3_adapter.rb:10:in `sqlite3_connection'
    /Users/geraldleenerts/.rvm/gems/ruby-1.8.7-p330@vivid/gems/activerecord-2.3.2/lib/active_record/connection_adapters/abstract/connection_pool.rb:223:in `send'
    /Users/geraldleenerts/.rvm/gems/ruby-1.8.7-p330@vivid/gems/activerecord-2.3.2/lib/active_record/connection_adapters/abstract/connection_pool.rb:223:in `new_connection'
    /Users/geraldleenerts/.rvm/gems/ruby-1.8.7-p330@vivid/gems/activerecord-2.3.2/lib/active_record/connection_adapters/abstract/connection_pool.rb:245:in `checkout_new_connection'
    /Users/geraldleenerts/.rvm/gems/ruby-1.8.7-p330@vivid/gems/activerecord-2.3.2/lib/active_record/connection_adapters/abstract/connection_pool.rb:188:in `checkout'
    /Users/geraldleenerts/.rvm/gems/ruby-1.8.7-p330@vivid/gems/activerecord-2.3.2/lib/active_record/connection_adapters/abstract/connection_pool.rb:184:in `loop'
    /Users/geraldleenerts/.rvm/gems/ruby-1.8.7-p330@vivid/gems/activerecord-2.3.2/lib/active_record/connection_adapters/abstract/connection_pool.rb:184:in `checkout'
    /Users/geraldleenerts/.rvm/rubies/ruby-1.8.7-p330/lib/ruby/1.8/monitor.rb:242:in `synchronize'
    /Users/geraldleenerts/.rvm/gems/ruby-1.8.7-p330@vivid/gems/activerecord-2.3.2/lib/active_record/connection_adapters/abstract/connection_pool.rb:183:in `checkout'
    /Users/geraldleenerts/.rvm/gems/ruby-1.8.7-p330@vivid/gems/activerecord-2.3.2/lib/active_record/connection_adapters/abstract/connection_pool.rb:98:in `connection'
    /Users/geraldleenerts/.rvm/gems/ruby-1.8.7-p330@vivid/gems/activerecord-2.3.2/lib/active_record/connection_adapters/abstract/connection_pool.rb:326:in `retrieve_connection'
    /Users/geraldleenerts/.rvm/gems/ruby-1.8.7-p330@vivid/gems/activerecord-2.3.2/lib/active_record/connection_adapters/abstract/connection_specification.rb:123:in `retrieve_connection'
    /Users/geraldleenerts/.rvm/gems/ruby-1.8.7-p330@vivid/gems/activerecord-2.3.2/lib/active_record/connection_adapters/abstract/connection_specification.rb:115:in `connection'
    /Users/geraldleenerts/.rvm/gems/ruby-1.8.7-p330@vivid/gems/activerecord-2.3.2/lib/active_record/query_cache.rb:9:in `cache'
    /Users/geraldleenerts/.rvm/gems/ruby-1.8.7-p330@vivid/gems/activerecord-2.3.2/lib/active_record/query_cache.rb:28:in `call'
    /Users/geraldleenerts/.rvm/gems/ruby-1.8.7-p330@vivid/gems/activerecord-2.3.2/lib/active_record/connection_adapters/abstract/connection_pool.rb:361:in `call'
    /Users/geraldleenerts/.rvm/gems/ruby-1.8.7-p330@vivid/gems/actionpack-2.3.2/lib/action_controller/vendor/rack-1.0/rack/head.rb:9:in `call'
    /Users/geraldleenerts/.rvm/gems/ruby-1.8.7-p330@vivid/gems/actionpack-2.3.2/lib/action_controller/vendor/rack-1.0/rack/methodoverride.rb:24:in `call'
    /Users/geraldleenerts/.rvm/gems/ruby-1.8.7-p330@vivid/gems/actionpack-2.3.2/lib/action_controller/params_parser.rb:15:in `call'
    /Users/geraldleenerts/.rvm/gems/ruby-1.8.7-p330@vivid/gems/actionpack-2.3.2/lib/action_controller/rewindable_input.rb:25:in `call'
    /Users/geraldleenerts/.rvm/gems/ruby-1.8.7-p330@vivid/gems/actionpack-2.3.2/lib/action_controller/session/cookie_store.rb:93:in `call'
    /Users/geraldleenerts/.rvm/gems/ruby-1.8.7-p330@vivid/gems/actionpack-2.3.2/lib/action_controller/reloader.rb:9:in `call'
    /Users/geraldleenerts/.rvm/gems/ruby-1.8.7-p330@vivid/gems/actionpack-2.3.2/lib/action_controller/failsafe.rb:11:in `call'
    /Users/geraldleenerts/.rvm/gems/ruby-1.8.7-p330@vivid/gems/actionpack-2.3.2/lib/action_controller/vendor/rack-1.0/rack/lock.rb:11:in `call'
    /Users/geraldleenerts/.rvm/gems/ruby-1.8.7-p330@vivid/gems/actionpack-2.3.2/lib/action_controller/vendor/rack-1.0/rack/lock.rb:11:in `synchronize'
    /Users/geraldleenerts/.rvm/gems/ruby-1.8.7-p330@vivid/gems/actionpack-2.3.2/lib/action_controller/vendor/rack-1.0/rack/lock.rb:11:in `call'
    /Users/geraldleenerts/.rvm/gems/ruby-1.8.7-p330@vivid/gems/actionpack-2.3.2/lib/action_controller/dispatcher.rb:106:in `call'
    /Users/geraldleenerts/.rvm/gems/ruby-1.8.7-p330@vivid/gems/rails-2.3.2/lib/rails/rack/static.rb:31:in `call'
    /Users/geraldleenerts/.rvm/gems/ruby-1.8.7-p330@vivid/gems/actionpack-2.3.2/lib/action_controller/vendor/rack-1.0/rack/urlmap.rb:46:in `call'
    /Users/geraldleenerts/.rvm/gems/ruby-1.8.7-p330@vivid/gems/actionpack-2.3.2/lib/action_controller/vendor/rack-1.0/rack/urlmap.rb:40:in `each'
    /Users/geraldleenerts/.rvm/gems/ruby-1.8.7-p330@vivid/gems/actionpack-2.3.2/lib/action_controller/vendor/rack-1.0/rack/urlmap.rb:40:in `call'
    /Users/geraldleenerts/.rvm/gems/ruby-1.8.7-p330@vivid/gems/rails-2.3.2/lib/rails/rack/log_tailer.rb:17:in `call'
    /Users/geraldleenerts/.rvm/gems/ruby-1.8.7-p330@vivid/gems/actionpack-2.3.2/lib/action_controller/vendor/rack-1.0/rack/content_length.rb:13:in `call'
    /Users/geraldleenerts/.rvm/gems/ruby-1.8.7-p330@vivid/gems/actionpack-2.3.2/lib/action_controller/vendor/rack-1.0/rack/handler/webrick.rb:46:in `service'
    /Users/geraldleenerts/.rvm/rubies/ruby-1.8.7-p330/lib/ruby/1.8/webrick/httpserver.rb:104:in `service'
    /Users/geraldleenerts/.rvm/rubies/ruby-1.8.7-p330/lib/ruby/1.8/webrick/httpserver.rb:65:in `run'
    /Users/geraldleenerts/.rvm/rubies/ruby-1.8.7-p330/lib/ruby/1.8/webrick/server.rb:173:in `start_thread'
    /Users/geraldleenerts/.rvm/rubies/ruby-1.8.7-p330/lib/ruby/1.8/webrick/server.rb:162:in `start'
    /Users/geraldleenerts/.rvm/rubies/ruby-1.8.7-p330/lib/ruby/1.8/webrick/server.rb:162:in `start_thread'
    /Users/geraldleenerts/.rvm/rubies/ruby-1.8.7-p330/lib/ruby/1.8/webrick/server.rb:95:in `start'
    /Users/geraldleenerts/.rvm/rubies/ruby-1.8.7-p330/lib/ruby/1.8/webrick/server.rb:92:in `each'
    /Users/geraldleenerts/.rvm/rubies/ruby-1.8.7-p330/lib/ruby/1.8/webrick/server.rb:92:in `start'
    /Users/geraldleenerts/.rvm/rubies/ruby-1.8.7-p330/lib/ruby/1.8/webrick/server.rb:23:in `start'
    /Users/geraldleenerts/.rvm/rubies/ruby-1.8.7-p330/lib/ruby/1.8/webrick/server.rb:82:in `start'
    /Users/geraldleenerts/.rvm/gems/ruby-1.8.7-p330@vivid/gems/actionpack-2.3.2/lib/action_controller/vendor/rack-1.0/rack/handler/webrick.rb:13:in `run'
    /Users/geraldleenerts/.rvm/gems/ruby-1.8.7-p330@vivid/gems/rails-2.3.2/lib/commands/server.rb:111
    /Users/geraldleenerts/.rvm/rubies/ruby-1.8.7-p330/lib/ruby/site_ruby/1.8/rubygems/custom_require.rb:29:in `gem_original_require'
    /Users/geraldleenerts/.rvm/rubies/ruby-1.8.7-p330/lib/ruby/site_ruby/1.8/rubygems/custom_require.rb:29:in `require'
    script/server:3
  [4;36;1mSQL (0.1ms)[0m   [0;1mSET NAMES 'utf8'[0m
  [4;35;1mSQL (0.1ms)[0m   [0mSET SQL_AUTO_IS_NULL=0[0m


Processing ApplicationController#index (for ::1 at 2011-02-20 15:45:40) [GET]

ActionController::RoutingError (No route matches "/" with {:method=>:get}):
  /Users/geraldleenerts/.rvm/rubies/ruby-1.8.7-p330/lib/ruby/1.8/webrick/httpserver.rb:104:in `service'
  /Users/geraldleenerts/.rvm/rubies/ruby-1.8.7-p330/lib/ruby/1.8/webrick/httpserver.rb:65:in `run'
  /Users/geraldleenerts/.rvm/rubies/ruby-1.8.7-p330/lib/ruby/1.8/webrick/server.rb:173:in `start_thread'
  /Users/geraldleenerts/.rvm/rubies/ruby-1.8.7-p330/lib/ruby/1.8/webrick/server.rb:162:in `start'
  /Users/geraldleenerts/.rvm/rubies/ruby-1.8.7-p330/lib/ruby/1.8/webrick/server.rb:162:in `start_thread'
  /Users/geraldleenerts/.rvm/rubies/ruby-1.8.7-p330/lib/ruby/1.8/webrick/server.rb:95:in `start'
  /Users/geraldleenerts/.rvm/rubies/ruby-1.8.7-p330/lib/ruby/1.8/webrick/server.rb:92:in `each'
  /Users/geraldleenerts/.rvm/rubies/ruby-1.8.7-p330/lib/ruby/1.8/webrick/server.rb:92:in `start'
  /Users/geraldleenerts/.rvm/rubies/ruby-1.8.7-p330/lib/ruby/1.8/webrick/server.rb:23:in `start'
  /Users/geraldleenerts/.rvm/rubies/ruby-1.8.7-p330/lib/ruby/1.8/webrick/server.rb:82:in `start'

Rendering rescues/layout (not_found)
/!\ FAILSAFE /!\  Sun Feb 20 15:46:01 -0600 2011
  Status: 500 Internal Server Error
  undefined method `except' for "home/index":String
    /Users/geraldleenerts/.rvm/gems/ruby-1.8.7-p330@vivid/gems/actionpack-2.3.2/lib/action_controller/routing/builder.rb:58:in `divide_route_options'
    /Users/geraldleenerts/.rvm/gems/ruby-1.8.7-p330@vivid/gems/actionpack-2.3.2/lib/action_controller/routing/builder.rb:166:in `build'
    /Users/geraldleenerts/.rvm/gems/ruby-1.8.7-p330@vivid/gems/actionpack-2.3.2/lib/action_controller/routing/route_set.rb:308:in `add_route'
    /Users/geraldleenerts/.rvm/gems/ruby-1.8.7-p330@vivid/gems/actionpack-2.3.2/lib/action_controller/routing/route_set.rb:316:in `add_named_route'
    /Users/geraldleenerts/.rvm/gems/ruby-1.8.7-p330@vivid/gems/actionpack-2.3.2/lib/action_controller/routing/route_set.rb:33:in `named_route'
    /Users/geraldleenerts/.rvm/gems/ruby-1.8.7-p330@vivid/gems/actionpack-2.3.2/lib/action_controller/routing/route_set.rb:29:in `root'
    /projects/sites/Vivid-Recording/config/routes.rb:44
    /Users/geraldleenerts/.rvm/gems/ruby-1.8.7-p330@vivid/gems/actionpack-2.3.2/lib/action_controller/routing/route_set.rb:226:in `draw'
    /projects/sites/Vivid-Recording/config/routes.rb:1
    /Users/geraldleenerts/.rvm/gems/ruby-1.8.7-p330@vivid/gems/activesupport-2.3.2/lib/active_support/dependencies.rb:145:in `load_without_new_constant_marking'
    /Users/geraldleenerts/.rvm/gems/ruby-1.8.7-p330@vivid/gems/activesupport-2.3.2/lib/active_support/dependencies.rb:145:in `load'
    /Users/geraldleenerts/.rvm/gems/ruby-1.8.7-p330@vivid/gems/activesupport-2.3.2/lib/active_support/dependencies.rb:521:in `new_constants_in'
    /Users/geraldleenerts/.rvm/gems/ruby-1.8.7-p330@vivid/gems/activesupport-2.3.2/lib/active_support/dependencies.rb:145:in `load'
    /Users/geraldleenerts/.rvm/gems/ruby-1.8.7-p330@vivid/gems/actionpack-2.3.2/lib/action_controller/routing/route_set.rb:286:in `load_routes!'
    /Users/geraldleenerts/.rvm/gems/ruby-1.8.7-p330@vivid/gems/actionpack-2.3.2/lib/action_controller/routing/route_set.rb:286:in `each'
    /Users/geraldleenerts/.rvm/gems/ruby-1.8.7-p330@vivid/gems/actionpack-2.3.2/lib/action_controller/routing/route_set.rb:286:in `load_routes!'
    /Users/geraldleenerts/.rvm/gems/ruby-1.8.7-p330@vivid/gems/actionpack-2.3.2/lib/action_controller/routing/route_set.rb:266:in `load!'
    /Users/geraldleenerts/.rvm/gems/ruby-1.8.7-p330@vivid/gems/actionpack-2.3.2/lib/action_controller/routing/route_set.rb:281:in `reload'
    /Users/geraldleenerts/.rvm/gems/ruby-1.8.7-p330@vivid/gems/actionpack-2.3.2/lib/action_controller/dispatcher.rb:59:in `reload_application'
    /Users/geraldleenerts/.rvm/gems/ruby-1.8.7-p330@vivid/gems/actionpack-2.3.2/lib/action_controller/reloader.rb:8:in `call'
    /Users/geraldleenerts/.rvm/gems/ruby-1.8.7-p330@vivid/gems/actionpack-2.3.2/lib/action_controller/failsafe.rb:11:in `call'
    /Users/geraldleenerts/.rvm/gems/ruby-1.8.7-p330@vivid/gems/actionpack-2.3.2/lib/action_controller/vendor/rack-1.0/rack/lock.rb:11:in `call'
    /Users/geraldleenerts/.rvm/gems/ruby-1.8.7-p330@vivid/gems/actionpack-2.3.2/lib/action_controller/vendor/rack-1.0/rack/lock.rb:11:in `synchronize'
    /Users/geraldleenerts/.rvm/gems/ruby-1.8.7-p330@vivid/gems/actionpack-2.3.2/lib/action_controller/vendor/rack-1.0/rack/lock.rb:11:in `call'
    /Users/geraldleenerts/.rvm/gems/ruby-1.8.7-p330@vivid/gems/actionpack-2.3.2/lib/action_controller/dispatcher.rb:106:in `call'
    /Users/geraldleenerts/.rvm/gems/ruby-1.8.7-p330@vivid/gems/rails-2.3.2/lib/rails/rack/static.rb:31:in `call'
    /Users/geraldleenerts/.rvm/gems/ruby-1.8.7-p330@vivid/gems/actionpack-2.3.2/lib/action_controller/vendor/rack-1.0/rack/urlmap.rb:46:in `call'
    /Users/geraldleenerts/.rvm/gems/ruby-1.8.7-p330@vivid/gems/actionpack-2.3.2/lib/action_controller/vendor/rack-1.0/rack/urlmap.rb:40:in `each'
    /Users/geraldleenerts/.rvm/gems/ruby-1.8.7-p330@vivid/gems/actionpack-2.3.2/lib/action_controller/vendor/rack-1.0/rack/urlmap.rb:40:in `call'
    /Users/geraldleenerts/.rvm/gems/ruby-1.8.7-p330@vivid/gems/rails-2.3.2/lib/rails/rack/log_tailer.rb:17:in `call'
    /Users/geraldleenerts/.rvm/gems/ruby-1.8.7-p330@vivid/gems/actionpack-2.3.2/lib/action_controller/vendor/rack-1.0/rack/content_length.rb:13:in `call'
    /Users/geraldleenerts/.rvm/gems/ruby-1.8.7-p330@vivid/gems/actionpack-2.3.2/lib/action_controller/vendor/rack-1.0/rack/handler/webrick.rb:46:in `service'
    /Users/geraldleenerts/.rvm/rubies/ruby-1.8.7-p330/lib/ruby/1.8/webrick/httpserver.rb:104:in `service'
    /Users/geraldleenerts/.rvm/rubies/ruby-1.8.7-p330/lib/ruby/1.8/webrick/httpserver.rb:65:in `run'
    /Users/geraldleenerts/.rvm/rubies/ruby-1.8.7-p330/lib/ruby/1.8/webrick/server.rb:173:in `start_thread'
    /Users/geraldleenerts/.rvm/rubies/ruby-1.8.7-p330/lib/ruby/1.8/webrick/server.rb:162:in `start'
    /Users/geraldleenerts/.rvm/rubies/ruby-1.8.7-p330/lib/ruby/1.8/webrick/server.rb:162:in `start_thread'
    /Users/geraldleenerts/.rvm/rubies/ruby-1.8.7-p330/lib/ruby/1.8/webrick/server.rb:95:in `start'
    /Users/geraldleenerts/.rvm/rubies/ruby-1.8.7-p330/lib/ruby/1.8/webrick/server.rb:92:in `each'
    /Users/geraldleenerts/.rvm/rubies/ruby-1.8.7-p330/lib/ruby/1.8/webrick/server.rb:92:in `start'
    /Users/geraldleenerts/.rvm/rubies/ruby-1.8.7-p330/lib/ruby/1.8/webrick/server.rb:23:in `start'
    /Users/geraldleenerts/.rvm/rubies/ruby-1.8.7-p330/lib/ruby/1.8/webrick/server.rb:82:in `start'
    /Users/geraldleenerts/.rvm/gems/ruby-1.8.7-p330@vivid/gems/actionpack-2.3.2/lib/action_controller/vendor/rack-1.0/rack/handler/webrick.rb:13:in `run'
    /Users/geraldleenerts/.rvm/gems/ruby-1.8.7-p330@vivid/gems/rails-2.3.2/lib/commands/server.rb:111
    /Users/geraldleenerts/.rvm/rubies/ruby-1.8.7-p330/lib/ruby/site_ruby/1.8/rubygems/custom_require.rb:29:in `gem_original_require'
    /Users/geraldleenerts/.rvm/rubies/ruby-1.8.7-p330/lib/ruby/site_ruby/1.8/rubygems/custom_require.rb:29:in `require'
    script/server:3
  [4;36;1mSQL (0.1ms)[0m   [0;1mSET NAMES 'utf8'[0m
  [4;35;1mSQL (0.1ms)[0m   [0mSET SQL_AUTO_IS_NULL=0[0m


Processing ApplicationController#index (for ::1 at 2011-02-20 15:46:06) [GET]

ActionController::RoutingError (No route matches "/" with {:method=>:get}):
  /Users/geraldleenerts/.rvm/rubies/ruby-1.8.7-p330/lib/ruby/1.8/webrick/httpserver.rb:104:in `service'
  /Users/geraldleenerts/.rvm/rubies/ruby-1.8.7-p330/lib/ruby/1.8/webrick/httpserver.rb:65:in `run'
  /Users/geraldleenerts/.rvm/rubies/ruby-1.8.7-p330/lib/ruby/1.8/webrick/server.rb:173:in `start_thread'
  /Users/geraldleenerts/.rvm/rubies/ruby-1.8.7-p330/lib/ruby/1.8/webrick/server.rb:162:in `start'
  /Users/geraldleenerts/.rvm/rubies/ruby-1.8.7-p330/lib/ruby/1.8/webrick/server.rb:162:in `start_thread'
  /Users/geraldleenerts/.rvm/rubies/ruby-1.8.7-p330/lib/ruby/1.8/webrick/server.rb:95:in `start'
  /Users/geraldleenerts/.rvm/rubies/ruby-1.8.7-p330/lib/ruby/1.8/webrick/server.rb:92:in `each'
  /Users/geraldleenerts/.rvm/rubies/ruby-1.8.7-p330/lib/ruby/1.8/webrick/server.rb:92:in `start'
  /Users/geraldleenerts/.rvm/rubies/ruby-1.8.7-p330/lib/ruby/1.8/webrick/server.rb:23:in `start'
  /Users/geraldleenerts/.rvm/rubies/ruby-1.8.7-p330/lib/ruby/1.8/webrick/server.rb:82:in `start'

Rendering rescues/layout (not_found)
  [4;36;1mSQL (0.1ms)[0m   [0;1mSET NAMES 'utf8'[0m
  [4;35;1mSQL (0.1ms)[0m   [0mSET SQL_AUTO_IS_NULL=0[0m


Processing ApplicationController#index (for ::1 at 2011-02-20 15:46:08) [GET]

ActionController::RoutingError (No route matches "/" with {:method=>:get}):
  /Users/geraldleenerts/.rvm/rubies/ruby-1.8.7-p330/lib/ruby/1.8/webrick/httpserver.rb:104:in `service'
  /Users/geraldleenerts/.rvm/rubies/ruby-1.8.7-p330/lib/ruby/1.8/webrick/httpserver.rb:65:in `run'
  /Users/geraldleenerts/.rvm/rubies/ruby-1.8.7-p330/lib/ruby/1.8/webrick/server.rb:173:in `start_thread'
  /Users/geraldleenerts/.rvm/rubies/ruby-1.8.7-p330/lib/ruby/1.8/webrick/server.rb:162:in `start'
  /Users/geraldleenerts/.rvm/rubies/ruby-1.8.7-p330/lib/ruby/1.8/webrick/server.rb:162:in `start_thread'
  /Users/geraldleenerts/.rvm/rubies/ruby-1.8.7-p330/lib/ruby/1.8/webrick/server.rb:95:in `start'
  /Users/geraldleenerts/.rvm/rubies/ruby-1.8.7-p330/lib/ruby/1.8/webrick/server.rb:92:in `each'
  /Users/geraldleenerts/.rvm/rubies/ruby-1.8.7-p330/lib/ruby/1.8/webrick/server.rb:92:in `start'
  /Users/geraldleenerts/.rvm/rubies/ruby-1.8.7-p330/lib/ruby/1.8/webrick/server.rb:23:in `start'
  /Users/geraldleenerts/.rvm/rubies/ruby-1.8.7-p330/lib/ruby/1.8/webrick/server.rb:82:in `start'

Rendering rescues/layout (not_found)
  [4;36;1mSQL (0.1ms)[0m   [0;1mSET NAMES 'utf8'[0m
  [4;35;1mSQL (0.1ms)[0m   [0mSET SQL_AUTO_IS_NULL=0[0m


Processing HomeController#index (for ::1 at 2011-02-20 15:46:26) [GET]
Rendering home/index
Completed in 4ms (View: 3, DB: 0) | 200 OK [http://localhost/]
